Start testing: Nov 20 22:23 CST
----------------------------------------------------------
Unable to find executable: miniplc0_test
1/1 Testing: all_test
1/1 Test: all_test
Command: ""
Directory: /Users/klllly/Documents/junior1/compilers/miniplc0-compiler/cmake-build-debug
"all_test" start time: 
Output:
----------------------------------------------------------
<end of output>
Test time =   0.00 sec
----------------------------------------------------------
Test Passed.
"all_test" end time: Nov 20 22:23 CST
"all_test" time elapsed: 00:00:00
----------------------------------------------------------

End testing: Nov 20 22:23 CST
